Started GET "/" for 127.0.0.1 at 2023-07-15 22:04:25 +0530
Processing by Rails::WelcomeController#index as HTML
  Rendering /Users/sunil/.rvm/gems/ruby-3.0.0/gems/railties-7.0.6/lib/rails/templates/rails/welcome/index.html.erb
  Rendered /Users/sunil/.rvm/gems/ruby-3.0.0/gems/railties-7.0.6/lib/rails/templates/rails/welcome/index.html.erb (Duration: 1.4ms | Allocations: 839)
Completed 200 OK in 16ms (Views: 4.7ms | ActiveRecord: 0.0ms | Allocations: 9949)


Started GET "/" for 127.0.0.1 at 2023-07-15 22:04:27 +0530
Processing by Rails::WelcomeController#index as HTML
  Rendering /Users/sunil/.rvm/gems/ruby-3.0.0/gems/railties-7.0.6/lib/rails/templates/rails/welcome/index.html.erb
  Rendered /Users/sunil/.rvm/gems/ruby-3.0.0/gems/railties-7.0.6/lib/rails/templates/rails/welcome/index.html.erb (Duration: 1.2ms | Allocations: 454)
Completed 200 OK in 5ms (Views: 3.2ms | ActiveRecord: 0.0ms | Allocations: 1347)


Started GET "/" for 127.0.0.1 at 2023-07-15 22:04:27 +0530
Processing by Rails::WelcomeController#index as HTML
  Rendering /Users/sunil/.rvm/gems/ruby-3.0.0/gems/railties-7.0.6/lib/rails/templates/rails/welcome/index.html.erb
  Rendered /Users/sunil/.rvm/gems/ruby-3.0.0/gems/railties-7.0.6/lib/rails/templates/rails/welcome/index.html.erb (Duration: 0.1ms | Allocations: 16)
Completed 200 OK in 1ms (Views: 0.8ms | ActiveRecord: 0.0ms | Allocations: 262)


Started GET "/" for 127.0.0.1 at 2023-07-15 22:04:28 +0530
Processing by Rails::WelcomeController#index as HTML
  Rendering /Users/sunil/.rvm/gems/ruby-3.0.0/gems/railties-7.0.6/lib/rails/templates/rails/welcome/index.html.erb
  Rendered /Users/sunil/.rvm/gems/ruby-3.0.0/gems/railties-7.0.6/lib/rails/templates/rails/welcome/index.html.erb (Duration: 0.2ms | Allocations: 16)
Completed 200 OK in 2ms (Views: 1.0ms | ActiveRecord: 0.0ms | Allocations: 260)


Started GET "/" for 127.0.0.1 at 2023-07-15 22:04:28 +0530
Processing by Rails::WelcomeController#index as HTML
  Rendering /Users/sunil/.rvm/gems/ruby-3.0.0/gems/railties-7.0.6/lib/rails/templates/rails/welcome/index.html.erb
  Rendered /Users/sunil/.rvm/gems/ruby-3.0.0/gems/railties-7.0.6/lib/rails/templates/rails/welcome/index.html.erb (Duration: 0.1ms | Allocations: 16)
Completed 200 OK in 1ms (Views: 0.9ms | ActiveRecord: 0.0ms | Allocations: 260)


Started GET "/" for 127.0.0.1 at 2023-07-15 22:04:28 +0530
Processing by Rails::WelcomeController#index as HTML
  Rendering /Users/sunil/.rvm/gems/ruby-3.0.0/gems/railties-7.0.6/lib/rails/templates/rails/welcome/index.html.erb
  Rendered /Users/sunil/.rvm/gems/ruby-3.0.0/gems/railties-7.0.6/lib/rails/templates/rails/welcome/index.html.erb (Duration: 0.1ms | Allocations: 15)
Completed 200 OK in 1ms (Views: 0.8ms | ActiveRecord: 0.0ms | Allocations: 255)


Started GET "/" for 127.0.0.1 at 2023-07-15 22:04:46 +0530
Processing by Rails::WelcomeController#index as HTML
  Rendering /Users/sunil/.rvm/gems/ruby-3.0.0/gems/railties-7.0.6/lib/rails/templates/rails/welcome/index.html.erb
  Rendered /Users/sunil/.rvm/gems/ruby-3.0.0/gems/railties-7.0.6/lib/rails/templates/rails/welcome/index.html.erb (Duration: 1.0ms | Allocations: 731)
Completed 200 OK in 9ms (Views: 2.5ms | ActiveRecord: 0.0ms | Allocations: 7006)


Started GET "/" for 127.0.0.1 at 2023-07-15 22:04:47 +0530
Processing by Rails::WelcomeController#index as HTML
  Rendering /Users/sunil/.rvm/gems/ruby-3.0.0/gems/railties-7.0.6/lib/rails/templates/rails/welcome/index.html.erb
  Rendered /Users/sunil/.rvm/gems/ruby-3.0.0/gems/railties-7.0.6/lib/rails/templates/rails/welcome/index.html.erb (Duration: 1.0ms | Allocations: 454)
Completed 200 OK in 4ms (Views: 2.8ms | ActiveRecord: 0.0ms | Allocations: 1347)


Started GET "/" for 127.0.0.1 at 2023-07-15 22:04:48 +0530
Processing by Rails::WelcomeController#index as HTML
  Rendering /Users/sunil/.rvm/gems/ruby-3.0.0/gems/railties-7.0.6/lib/rails/templates/rails/welcome/index.html.erb
  Rendered /Users/sunil/.rvm/gems/ruby-3.0.0/gems/railties-7.0.6/lib/rails/templates/rails/welcome/index.html.erb (Duration: 0.1ms | Allocations: 16)
Completed 200 OK in 1ms (Views: 0.7ms | ActiveRecord: 0.0ms | Allocations: 262)


Started GET "/" for 127.0.0.1 at 2023-07-15 22:04:48 +0530
Processing by Rails::WelcomeController#index as HTML
  Rendering /Users/sunil/.rvm/gems/ruby-3.0.0/gems/railties-7.0.6/lib/rails/templates/rails/welcome/index.html.erb
  Rendered /Users/sunil/.rvm/gems/ruby-3.0.0/gems/railties-7.0.6/lib/rails/templates/rails/welcome/index.html.erb (Duration: 0.1ms | Allocations: 15)
Completed 200 OK in 1ms (Views: 0.8ms | ActiveRecord: 0.0ms | Allocations: 255)


Started GET "/" for 127.0.0.1 at 2023-07-15 22:04:48 +0530
Processing by Rails::WelcomeController#index as HTML
  Rendering /Users/sunil/.rvm/gems/ruby-3.0.0/gems/railties-7.0.6/lib/rails/templates/rails/welcome/index.html.erb
  Rendered /Users/sunil/.rvm/gems/ruby-3.0.0/gems/railties-7.0.6/lib/rails/templates/rails/welcome/index.html.erb (Duration: 0.1ms | Allocations: 15)
Completed 200 OK in 1ms (Views: 0.8ms | ActiveRecord: 0.0ms | Allocations: 255)


Started GET "/" for 127.0.0.1 at 2023-07-15 22:04:48 +0530
Processing by Rails::WelcomeController#index as HTML
  Rendering /Users/sunil/.rvm/gems/ruby-3.0.0/gems/railties-7.0.6/lib/rails/templates/rails/welcome/index.html.erb
  Rendered /Users/sunil/.rvm/gems/ruby-3.0.0/gems/railties-7.0.6/lib/rails/templates/rails/welcome/index.html.erb (Duration: 0.1ms | Allocations: 15)
Completed 200 OK in 1ms (Views: 0.7ms | ActiveRecord: 0.0ms | Allocations: 255)


Started GET "/" for 127.0.0.1 at 2023-07-15 22:04:49 +0530
Processing by Rails::WelcomeController#index as HTML
  Rendering /Users/sunil/.rvm/gems/ruby-3.0.0/gems/railties-7.0.6/lib/rails/templates/rails/welcome/index.html.erb
  Rendered /Users/sunil/.rvm/gems/ruby-3.0.0/gems/railties-7.0.6/lib/rails/templates/rails/welcome/index.html.erb (Duration: 0.1ms | Allocations: 16)
Completed 200 OK in 1ms (Views: 0.8ms | ActiveRecord: 0.0ms | Allocations: 260)


Started GET "/" for 127.0.0.1 at 2023-07-15 22:04:49 +0530
Processing by Rails::WelcomeController#index as HTML
  Rendering /Users/sunil/.rvm/gems/ruby-3.0.0/gems/railties-7.0.6/lib/rails/templates/rails/welcome/index.html.erb
  Rendered /Users/sunil/.rvm/gems/ruby-3.0.0/gems/railties-7.0.6/lib/rails/templates/rails/welcome/index.html.erb (Duration: 0.1ms | Allocations: 15)
Completed 200 OK in 1ms (Views: 0.5ms | ActiveRecord: 0.0ms | Allocations: 255)


Started GET "/" for 127.0.0.1 at 2023-07-15 22:04:49 +0530
Processing by Rails::WelcomeController#index as HTML
  Rendering /Users/sunil/.rvm/gems/ruby-3.0.0/gems/railties-7.0.6/lib/rails/templates/rails/welcome/index.html.erb
  Rendered /Users/sunil/.rvm/gems/ruby-3.0.0/gems/railties-7.0.6/lib/rails/templates/rails/welcome/index.html.erb (Duration: 0.1ms | Allocations: 15)
Completed 200 OK in 1ms (Views: 0.5ms | ActiveRecord: 0.0ms | Allocations: 255)


Started GET "/" for 127.0.0.1 at 2023-07-15 22:04:50 +0530
Processing by Rails::WelcomeController#index as HTML
  Rendering /Users/sunil/.rvm/gems/ruby-3.0.0/gems/railties-7.0.6/lib/rails/templates/rails/welcome/index.html.erb
  Rendered /Users/sunil/.rvm/gems/ruby-3.0.0/gems/railties-7.0.6/lib/rails/templates/rails/welcome/index.html.erb (Duration: 0.1ms | Allocations: 16)
Completed 200 OK in 1ms (Views: 0.8ms | ActiveRecord: 0.0ms | Allocations: 260)


Started GET "/" for 127.0.0.1 at 2023-07-15 22:04:50 +0530
Processing by Rails::WelcomeController#index as HTML
  Rendering /Users/sunil/.rvm/gems/ruby-3.0.0/gems/railties-7.0.6/lib/rails/templates/rails/welcome/index.html.erb
  Rendered /Users/sunil/.rvm/gems/ruby-3.0.0/gems/railties-7.0.6/lib/rails/templates/rails/welcome/index.html.erb (Duration: 0.1ms | Allocations: 15)
Completed 200 OK in 1ms (Views: 0.5ms | ActiveRecord: 0.0ms | Allocations: 255)


Started GET "/" for 127.0.0.1 at 2023-07-15 22:04:50 +0530
Processing by Rails::WelcomeController#index as HTML
  Rendering /Users/sunil/.rvm/gems/ruby-3.0.0/gems/railties-7.0.6/lib/rails/templates/rails/welcome/index.html.erb
  Rendered /Users/sunil/.rvm/gems/ruby-3.0.0/gems/railties-7.0.6/lib/rails/templates/rails/welcome/index.html.erb (Duration: 0.1ms | Allocations: 15)
Completed 200 OK in 1ms (Views: 0.8ms | ActiveRecord: 0.0ms | Allocations: 255)


Started GET "/" for 127.0.0.1 at 2023-07-15 22:04:51 +0530
Processing by Rails::WelcomeController#index as HTML
  Rendering /Users/sunil/.rvm/gems/ruby-3.0.0/gems/railties-7.0.6/lib/rails/templates/rails/welcome/index.html.erb
  Rendered /Users/sunil/.rvm/gems/ruby-3.0.0/gems/railties-7.0.6/lib/rails/templates/rails/welcome/index.html.erb (Duration: 0.1ms | Allocations: 15)
Completed 200 OK in 2ms (Views: 1.0ms | ActiveRecord: 0.0ms | Allocations: 255)


Started GET "/" for 127.0.0.1 at 2023-07-15 22:04:51 +0530
Processing by Rails::WelcomeController#index as HTML
  Rendering /Users/sunil/.rvm/gems/ruby-3.0.0/gems/railties-7.0.6/lib/rails/templates/rails/welcome/index.html.erb
  Rendered /Users/sunil/.rvm/gems/ruby-3.0.0/gems/railties-7.0.6/lib/rails/templates/rails/welcome/index.html.erb (Duration: 0.1ms | Allocations: 15)
Completed 200 OK in 1ms (Views: 0.7ms | ActiveRecord: 0.0ms | Allocations: 255)


Started GET "/" for 127.0.0.1 at 2023-07-15 22:04:51 +0530
Processing by Rails::WelcomeController#index as HTML
  Rendering /Users/sunil/.rvm/gems/ruby-3.0.0/gems/railties-7.0.6/lib/rails/templates/rails/welcome/index.html.erb
  Rendered /Users/sunil/.rvm/gems/ruby-3.0.0/gems/railties-7.0.6/lib/rails/templates/rails/welcome/index.html.erb (Duration: 0.1ms | Allocations: 15)
Completed 200 OK in 1ms (Views: 0.5ms | ActiveRecord: 0.0ms | Allocations: 255)


Started GET "/" for 127.0.0.1 at 2023-07-15 22:04:52 +0530
Processing by Rails::WelcomeController#index as HTML
  Rendering /Users/sunil/.rvm/gems/ruby-3.0.0/gems/railties-7.0.6/lib/rails/templates/rails/welcome/index.html.erb
  Rendered /Users/sunil/.rvm/gems/ruby-3.0.0/gems/railties-7.0.6/lib/rails/templates/rails/welcome/index.html.erb (Duration: 0.1ms | Allocations: 15)
Completed 200 OK in 1ms (Views: 0.8ms | ActiveRecord: 0.0ms | Allocations: 255)


Started GET "/" for 127.0.0.1 at 2023-07-15 22:18:16 +0530
Processing by Rails::WelcomeController#index as HTML
  Rendering /Users/sunil/.rvm/gems/ruby-3.0.0/gems/railties-7.0.6/lib/rails/templates/rails/welcome/index.html.erb
  Rendered /Users/sunil/.rvm/gems/ruby-3.0.0/gems/railties-7.0.6/lib/rails/templates/rails/welcome/index.html.erb (Duration: 1.0ms | Allocations: 731)
Completed 200 OK in 9ms (Views: 2.6ms | ActiveRecord: 0.0ms | Allocations: 7006)


Started GET "/" for 127.0.0.1 at 2023-07-15 22:18:20 +0530
Processing by Rails::WelcomeController#index as HTML
  Rendering /Users/sunil/.rvm/gems/ruby-3.0.0/gems/railties-7.0.6/lib/rails/templates/rails/welcome/index.html.erb
  Rendered /Users/sunil/.rvm/gems/ruby-3.0.0/gems/railties-7.0.6/lib/rails/templates/rails/welcome/index.html.erb (Duration: 1.1ms | Allocations: 454)
Completed 200 OK in 4ms (Views: 3.0ms | ActiveRecord: 0.0ms | Allocations: 1347)


Started GET "/" for 127.0.0.1 at 2023-07-15 22:24:08 +0530
Processing by Rails::WelcomeController#index as HTML
  Rendering /Users/sunil/.rvm/gems/ruby-3.0.0/gems/railties-7.0.6/lib/rails/templates/rails/welcome/index.html.erb
  Rendered /Users/sunil/.rvm/gems/ruby-3.0.0/gems/railties-7.0.6/lib/rails/templates/rails/welcome/index.html.erb (Duration: 1.2ms | Allocations: 731)
Completed 200 OK in 9ms (Views: 3.3ms | ActiveRecord: 0.0ms | Allocations: 7006)


Started GET "/test/home" for 127.0.0.1 at 2023-07-15 22:27:09 +0530
Processing by TestController#home as HTML
  Rendering layout layouts/application.html.erb
  Rendering test/home.html.erb within layouts/application
  Rendered test/home.html.erb within layouts/application (Duration: 0.7ms | Allocations: 375)
  Rendered layout layouts/application.html.erb (Duration: 305.0ms | Allocations: 76513)
Completed 200 OK in 313ms (Views: 307.0ms | ActiveRecord: 0.0ms | Allocations: 82978)


Started GET "/test/home" for 127.0.0.1 at 2023-07-15 22:27:11 +0530
Processing by TestController#home as HTML
  Rendering layout layouts/application.html.erb
  Rendering test/home.html.erb within layouts/application
  Rendered test/home.html.erb within layouts/application (Duration: 0.1ms | Allocations: 7)
  Rendered layout layouts/application.html.erb (Duration: 4.6ms | Allocations: 2050)
Completed 200 OK in 6ms (Views: 5.6ms | ActiveRecord: 0.0ms | Allocations: 2347)


Started GET "/test/home" for 127.0.0.1 at 2023-07-15 22:27:12 +0530
Processing by TestController#home as HTML
  Rendering layout layouts/application.html.erb
  Rendering test/home.html.erb within layouts/application
  Rendered test/home.html.erb within layouts/application (Duration: 0.1ms | Allocations: 7)
  Rendered layout layouts/application.html.erb (Duration: 4.2ms | Allocations: 2025)
Completed 200 OK in 5ms (Views: 4.9ms | ActiveRecord: 0.0ms | Allocations: 2320)


Started GET "/test/home" for 127.0.0.1 at 2023-07-15 22:27:12 +0530
Processing by TestController#home as HTML
  Rendering layout layouts/application.html.erb
  Rendering test/home.html.erb within layouts/application
  Rendered test/home.html.erb within layouts/application (Duration: 0.1ms | Allocations: 7)
  Rendered layout layouts/application.html.erb (Duration: 4.1ms | Allocations: 2016)
Completed 200 OK in 5ms (Views: 4.9ms | ActiveRecord: 0.0ms | Allocations: 2307)


Started GET "/test/home" for 127.0.0.1 at 2023-07-15 22:27:12 +0530
Processing by TestController#home as HTML
  Rendering layout layouts/application.html.erb
  Rendering test/home.html.erb within layouts/application
  Rendered test/home.html.erb within layouts/application (Duration: 0.1ms | Allocations: 7)
  Rendered layout layouts/application.html.erb (Duration: 4.2ms | Allocations: 2030)
Completed 200 OK in 6ms (Views: 5.0ms | ActiveRecord: 0.0ms | Allocations: 2321)


Started GET "/test/home" for 127.0.0.1 at 2023-07-15 22:27:12 +0530
Processing by TestController#home as HTML
  Rendering layout layouts/application.html.erb
  Rendering test/home.html.erb within layouts/application
  Rendered test/home.html.erb within layouts/application (Duration: 0.1ms | Allocations: 7)
  Rendered layout layouts/application.html.erb (Duration: 3.9ms | Allocations: 2021)
Completed 200 OK in 5ms (Views: 4.6ms | ActiveRecord: 0.0ms | Allocations: 2316)


Started GET "/test/home" for 127.0.0.1 at 2023-07-15 22:27:13 +0530
Processing by TestController#home as HTML
  Rendering layout layouts/application.html.erb
  Rendering test/home.html.erb within layouts/application
  Rendered test/home.html.erb within layouts/application (Duration: 0.1ms | Allocations: 7)
  Rendered layout layouts/application.html.erb (Duration: 4.2ms | Allocations: 2007)
Completed 200 OK in 5ms (Views: 4.9ms | ActiveRecord: 0.0ms | Allocations: 2302)


Started GET "/test/home" for 127.0.0.1 at 2023-07-15 22:28:00 +0530
Processing by TestController#home as HTML
  Rendering layout layouts/application.html.erb
  Rendering test/home.html.erb within layouts/application
  Rendered test/home.html.erb within layouts/application (Duration: 0.1ms | Allocations: 7)
  Rendered layout layouts/application.html.erb (Duration: 4.5ms | Allocations: 2020)
Completed 200 OK in 6ms (Views: 5.3ms | ActiveRecord: 0.0ms | Allocations: 2311)


Started GET "/test/home" for 127.0.0.1 at 2023-07-15 22:28:01 +0530
Processing by TestController#home as HTML
  Rendering layout layouts/application.html.erb
  Rendering test/home.html.erb within layouts/application
  Rendered test/home.html.erb within layouts/application (Duration: 0.1ms | Allocations: 7)
  Rendered layout layouts/application.html.erb (Duration: 4.9ms | Allocations: 2018)
Completed 200 OK in 6ms (Views: 5.9ms | ActiveRecord: 0.0ms | Allocations: 2309)


Started GET "/test/home" for 127.0.0.1 at 2023-07-15 22:30:48 +0530
Processing by TestController#home as HTML
  Rendering layout layouts/application.html.erb
  Rendering test/home.html.erb within layouts/application
  Rendered test/home.html.erb within layouts/application (Duration: 0.7ms | Allocations: 375)
  Rendered layout layouts/application.html.erb (Duration: 994.4ms | Allocations: 69277)
Completed 200 OK in 1003ms (Views: 996.5ms | ActiveRecord: 0.0ms | Allocations: 75742)


Started GET "/test/home" for 127.0.0.1 at 2023-07-15 22:32:04 +0530
Processing by TestController#home as HTML
  Rendering layout layouts/application.html.erb
  Rendering test/home.html.erb within layouts/application
  Rendered test/home.html.erb within layouts/application (Duration: 0.6ms | Allocations: 132)
  Rendered layout layouts/application.html.erb (Duration: 5.8ms | Allocations: 2456)
Completed 200 OK in 10ms (Views: 8.4ms | ActiveRecord: 0.0ms | Allocations: 3529)


Started GET "/test/home" for 127.0.0.1 at 2023-07-15 22:32:04 +0530
Processing by TestController#home as HTML
  Rendering layout layouts/application.html.erb
  Rendering test/home.html.erb within layouts/application
  Rendered test/home.html.erb within layouts/application (Duration: 0.1ms | Allocations: 7)
  Rendered layout layouts/application.html.erb (Duration: 4.3ms | Allocations: 2019)
Completed 200 OK in 6ms (Views: 5.2ms | ActiveRecord: 0.0ms | Allocations: 2316)


Started GET "/test/home" for 127.0.0.1 at 2023-07-15 22:32:05 +0530
Processing by TestController#home as HTML
  Rendering layout layouts/application.html.erb
  Rendering test/home.html.erb within layouts/application
  Rendered test/home.html.erb within layouts/application (Duration: 0.1ms | Allocations: 7)
  Rendered layout layouts/application.html.erb (Duration: 4.4ms | Allocations: 2012)
Completed 200 OK in 6ms (Views: 5.3ms | ActiveRecord: 0.0ms | Allocations: 2303)


Started GET "/test/home" for 127.0.0.1 at 2023-07-15 22:32:21 +0530
Processing by TestController#home as HTML
  Rendering layout layouts/application.html.erb
  Rendering test/home.html.erb within layouts/application
  Rendered test/home.html.erb within layouts/application (Duration: 0.5ms | Allocations: 127)
  Rendered layout layouts/application.html.erb (Duration: 6.0ms | Allocations: 2446)
Completed 200 OK in 11ms (Views: 9.1ms | ActiveRecord: 0.0ms | Allocations: 3515)


Started GET "/test/home" for 127.0.0.1 at 2023-07-15 22:32:22 +0530
Processing by TestController#home as HTML
  Rendering layout layouts/application.html.erb
  Rendering test/home.html.erb within layouts/application
  Rendered test/home.html.erb within layouts/application (Duration: 0.0ms | Allocations: 7)
  Rendered layout layouts/application.html.erb (Duration: 4.0ms | Allocations: 2013)
Completed 200 OK in 5ms (Views: 4.6ms | ActiveRecord: 0.0ms | Allocations: 2309)


Started GET "/test/home" for 127.0.0.1 at 2023-07-15 22:32:23 +0530
Processing by TestController#home as HTML
  Rendering layout layouts/application.html.erb
  Rendering test/home.html.erb within layouts/application
  Rendered test/home.html.erb within layouts/application (Duration: 0.1ms | Allocations: 7)
  Rendered layout layouts/application.html.erb (Duration: 4.1ms | Allocations: 2016)
Completed 200 OK in 5ms (Views: 4.9ms | ActiveRecord: 0.0ms | Allocations: 2307)


Started GET "/test/home" for 127.0.0.1 at 2023-07-15 22:32:43 +0530
Processing by TestController#home as HTML
  Rendering layout layouts/application.html.erb
  Rendering test/home.html.erb within layouts/application
  Rendered test/home.html.erb within layouts/application (Duration: 0.6ms | Allocations: 133)
  Rendered layout layouts/application.html.erb (Duration: 6.1ms | Allocations: 2453)
Completed 200 OK in 10ms (Views: 8.7ms | ActiveRecord: 0.0ms | Allocations: 3517)


Started GET "/test/home" for 127.0.0.1 at 2023-07-15 22:38:00 +0530
Processing by TestController#home as HTML
  Rendering layout layouts/application.html.erb
  Rendering test/home.html.erb within layouts/application
  Rendered test/home.html.erb within layouts/application (Duration: 0.9ms | Allocations: 133)
  Rendered layout layouts/application.html.erb (Duration: 484.2ms | Allocations: 47996)
Completed 200 OK in 490ms (Views: 487.8ms | Allocations: 49058)


Started GET "/test/home" for 127.0.0.1 at 2023-07-15 22:38:01 +0530
Processing by TestController#home as HTML
  Rendering layout layouts/application.html.erb
  Rendering test/home.html.erb within layouts/application
  Rendered test/home.html.erb within layouts/application (Duration: 0.1ms | Allocations: 7)
  Rendered layout layouts/application.html.erb (Duration: 5.7ms | Allocations: 2026)
Completed 200 OK in 8ms (Views: 6.6ms | Allocations: 2315)


Started GET "/test/home" for 127.0.0.1 at 2023-07-15 22:38:02 +0530
Processing by TestController#home as HTML
  Rendering layout layouts/application.html.erb
  Rendering test/home.html.erb within layouts/application
  Rendered test/home.html.erb within layouts/application (Duration: 0.0ms | Allocations: 7)
  Rendered layout layouts/application.html.erb (Duration: 4.9ms | Allocations: 2020)
Completed 200 OK in 6ms (Views: 5.5ms | Allocations: 2308)


Started GET "/test/home" for 127.0.0.1 at 2023-07-15 22:41:37 +0530
Processing by TestController#home as HTML
  Rendering layout layouts/application.html.erb
  Rendering test/home.html.erb within layouts/application
  Rendered test/home.html.erb within layouts/application (Duration: 0.1ms | Allocations: 7)
  Rendered layout layouts/application.html.erb (Duration: 5.1ms | Allocations: 2024)
Completed 200 OK in 7ms (Views: 6.1ms | Allocations: 2312)


Started GET "/test/home" for 127.0.0.1 at 2023-07-15 22:41:38 +0530
Processing by TestController#home as HTML
  Rendering layout layouts/application.html.erb
  Rendering test/home.html.erb within layouts/application
  Rendered test/home.html.erb within layouts/application (Duration: 0.1ms | Allocations: 7)
  Rendered layout layouts/application.html.erb (Duration: 4.6ms | Allocations: 2030)
Completed 200 OK in 6ms (Views: 5.5ms | Allocations: 2318)


Started GET "/users" for ::1 at 2023-07-24 00:07:09 +0530
  
ActionController::RoutingError (No route matches [GET] "/users"):
  
Started GET "/" for ::1 at 2023-07-24 00:07:12 +0530
Processing by Rails::WelcomeController#index as HTML
  Rendering /Users/sunil/.rvm/gems/ruby-3.0.0/gems/railties-7.0.6/lib/rails/templates/rails/welcome/index.html.erb
  Rendered /Users/sunil/.rvm/gems/ruby-3.0.0/gems/railties-7.0.6/lib/rails/templates/rails/welcome/index.html.erb (Duration: 0.9ms | Allocations: 461)
Completed 200 OK in 7ms (Views: 2.0ms | ActiveRecord: 0.0ms | Allocations: 3966)


Started GET "/" for ::1 at 2023-07-24 00:07:16 +0530
Processing by Rails::WelcomeController#index as HTML
  Rendering /Users/sunil/.rvm/gems/ruby-3.0.0/gems/railties-7.0.6/lib/rails/templates/rails/welcome/index.html.erb
  Rendered /Users/sunil/.rvm/gems/ruby-3.0.0/gems/railties-7.0.6/lib/rails/templates/rails/welcome/index.html.erb (Duration: 1.3ms | Allocations: 454)
Completed 200 OK in 5ms (Views: 3.3ms | ActiveRecord: 0.0ms | Allocations: 1348)


Started GET "/test/home" for ::1 at 2023-07-24 00:07:31 +0530
Processing by TestController#home as HTML
  Rendering layout layouts/application.html.erb
  Rendering test/home.html.erb within layouts/application
  Rendered test/home.html.erb within layouts/application (Duration: 0.5ms | Allocations: 132)
  Rendered layout layouts/application.html.erb (Duration: 357.8ms | Allocations: 24390)
Completed 200 OK in 360ms (Views: 359.2ms | ActiveRecord: 0.0ms | Allocations: 25473)


Started GET "/test/home" for ::1 at 2023-07-24 00:09:22 +0530
Processing by TestController#home as HTML
  Rendering layout layouts/application.html.erb
  Rendering test/home.html.erb within layouts/application
  Rendered test/home.html.erb within layouts/application (Duration: 0.5ms | Allocations: 390)
  Rendered layout layouts/application.html.erb (Duration: 51.3ms | Allocations: 21654)
Completed 200 OK in 57ms (Views: 52.6ms | ActiveRecord: 0.0ms | Allocations: 28120)


Started GET "/test/home" for ::1 at 2023-07-24 00:10:51 +0530
Processing by TestController#home as HTML
  Rendering layout layouts/application.html.erb
  Rendering test/home.html.erb within layouts/application
  Rendered test/home.html.erb within layouts/application (Duration: 0.1ms | Allocations: 7)
  Rendered layout layouts/application.html.erb (Duration: 5.4ms | Allocations: 2105)
Completed 200 OK in 7ms (Views: 6.4ms | ActiveRecord: 0.0ms | Allocations: 2402)


Started GET "/test/home" for ::1 at 2023-07-24 00:13:33 +0530
Processing by TestController#home as HTML
  Rendering layout layouts/application.html.erb
  Rendering test/home.html.erb within layouts/application
  Rendered test/home.html.erb within layouts/application (Duration: 0.5ms | Allocations: 391)
  Rendered layout layouts/application.html.erb (Duration: 24.9ms | Allocations: 20707)
Completed 200 OK in 30ms (Views: 26.2ms | ActiveRecord: 0.0ms | Allocations: 27235)


Started GET "/test/home" for ::1 at 2023-07-24 00:13:34 +0530
Processing by TestController#home as HTML
  Rendering layout layouts/application.html.erb
  Rendering test/home.html.erb within layouts/application
  Rendered test/home.html.erb within layouts/application (Duration: 0.1ms | Allocations: 7)
  Rendered layout layouts/application.html.erb (Duration: 5.5ms | Allocations: 2097)
Completed 200 OK in 7ms (Views: 6.4ms | ActiveRecord: 0.0ms | Allocations: 2394)


Started GET "/test/home" for ::1 at 2023-07-24 00:13:43 +0530
Processing by TestController#home as HTML
  Rendering layout layouts/application.html.erb
  Rendering test/home.html.erb within layouts/application
  Rendered test/home.html.erb within layouts/application (Duration: 0.5ms | Allocations: 390)
  Rendered layout layouts/application.html.erb (Duration: 52.9ms | Allocations: 21604)
Completed 200 OK in 59ms (Views: 54.5ms | ActiveRecord: 0.0ms | Allocations: 28070)


